{"/home/shon/vs-code-projects/projects/fullstack/node/module5/nodejs-rest-api/app.js": {"path":"/home/shon/vs-code-projects/projects/fullstack/node/module5/nodejs-rest-api/app.js","statementMap":{"0":{"start":{"line":1,"column":16},"end":{"line":1,"column":34}},"1":{"start":{"line":2,"column":15},"end":{"line":2,"column":32}},"2":{"start":{"line":3,"column":13},"end":{"line":3,"column":28}},"3":{"start":{"line":4,"column":19},"end":{"line":4,"column":51}},"4":{"start":{"line":5,"column":15},"end":{"line":5,"column":32}},"5":{"start":{"line":6,"column":0},"end":{"line":6,"column":27}},"6":{"start":{"line":7,"column":24},"end":{"line":7,"column":51}},"7":{"start":{"line":9,"column":23},"end":{"line":9,"column":66}},"8":{"start":{"line":10,"column":20},"end":{"line":10,"column":57}},"9":{"start":{"line":12,"column":12},"end":{"line":12,"column":21}},"10":{"start":{"line":14,"column":22},"end":{"line":14,"column":72}},"11":{"start":{"line":16,"column":0},"end":{"line":16,"column":41}},"12":{"start":{"line":17,"column":0},"end":{"line":17,"column":18}},"13":{"start":{"line":18,"column":0},"end":{"line":18,"column":60}},"14":{"start":{"line":19,"column":0},"end":{"line":19,"column":16}},"15":{"start":{"line":20,"column":0},"end":{"line":20,"column":40}},"16":{"start":{"line":21,"column":0},"end":{"line":21,"column":22}},"17":{"start":{"line":23,"column":0},"end":{"line":26,"column":3}},"18":{"start":{"line":24,"column":2},"end":{"line":24,"column":54}},"19":{"start":{"line":25,"column":2},"end":{"line":25,"column":9}},"20":{"start":{"line":28,"column":0},"end":{"line":28,"column":35}},"21":{"start":{"line":29,"column":0},"end":{"line":29,"column":41}},"22":{"start":{"line":31,"column":0},"end":{"line":33,"column":3}},"23":{"start":{"line":32,"column":2},"end":{"line":32,"column":77}},"24":{"start":{"line":35,"column":0},"end":{"line":42,"column":3}},"25":{"start":{"line":36,"column":21},"end":{"line":36,"column":38}},"26":{"start":{"line":37,"column":2},"end":{"line":41,"column":5}},"27":{"start":{"line":44,"column":0},"end":{"line":44,"column":21}}},"fnMap":{"0":{"name":"(anonymous_0)","decl":{"start":{"line":23,"column":8},"end":{"line":23,"column":9}},"loc":{"start":{"line":23,"column":28},"end":{"line":26,"column":1}},"line":23},"1":{"name":"(anonymous_1)","decl":{"start":{"line":31,"column":8},"end":{"line":31,"column":9}},"loc":{"start":{"line":31,"column":22},"end":{"line":33,"column":1}},"line":31},"2":{"name":"(anonymous_2)","decl":{"start":{"line":35,"column":8},"end":{"line":35,"column":9}},"loc":{"start":{"line":35,"column":33},"end":{"line":42,"column":1}},"line":35}},"branchMap":{"0":{"loc":{"start":{"line":14,"column":22},"end":{"line":14,"column":72}},"type":"cond-expr","locations":[{"start":{"line":14,"column":57},"end":{"line":14,"column":62}},{"start":{"line":14,"column":65},"end":{"line":14,"column":72}}],"line":14},"1":{"loc":{"start":{"line":18,"column":0},"end":{"line":18,"column":59}},"type":"binary-expr","locations":[{"start":{"line":18,"column":0},"end":{"line":18,"column":25}},{"start":{"line":18,"column":29},"end":{"line":18,"column":59}}],"line":18},"2":{"loc":{"start":{"line":36,"column":21},"end":{"line":36,"column":38}},"type":"binary-expr","locations":[{"start":{"line":36,"column":21},"end":{"line":36,"column":31}},{"start":{"line":36,"column":35},"end":{"line":36,"column":38}}],"line":36},"3":{"loc":{"start":{"line":38,"column":12},"end":{"line":38,"column":49}},"type":"cond-expr","locations":[{"start":{"line":38,"column":33},"end":{"line":38,"column":39}},{"start":{"line":38,"column":42},"end":{"line":38,"column":49}}],"line":38}},"s":{"0":2,"1":2,"2":2,"3":2,"4":2,"5":2,"6":2,"7":2,"8":2,"9":2,"10":2,"11":2,"12":2,"13":2,"14":2,"15":2,"16":2,"17":2,"18":8,"19":8,"20":2,"21":2,"22":2,"23":0,"24":2,"25":0,"26":0,"27":2},"f":{"0":8,"1":0,"2":0},"b":{"0":[0,2],"1":[2,0],"2":[0,0],"3":[0,0]},"_coverageSchema":"1a1c01bbd47fc00a2c39e90264f33305004495a9","hash":"726110f4afa69488c514451dba851a98bb36eba1"}
,"/home/shon/vs-code-projects/projects/fullstack/node/module5/nodejs-rest-api/config/constants.js": {"path":"/home/shon/vs-code-projects/projects/fullstack/node/module5/nodejs-rest-api/config/constants.js","statementMap":{"0":{"start":{"line":1,"column":25},"end":{"line":4,"column":1}},"1":{"start":{"line":6,"column":21},"end":{"line":10,"column":1}},"2":{"start":{"line":12,"column":17},"end":{"line":24,"column":1}},"3":{"start":{"line":26,"column":0},"end":{"line":30,"column":2}}},"fnMap":{},"branchMap":{},"s":{"0":4,"1":4,"2":4,"3":4},"f":{},"b":{},"_coverageSchema":"1a1c01bbd47fc00a2c39e90264f33305004495a9","hash":"69a6ed8e380d6c9d2dc587cba3479c4d58994f9e"}
,"/home/shon/vs-code-projects/projects/fullstack/node/module5/nodejs-rest-api/config/db.js": {"path":"/home/shon/vs-code-projects/projects/fullstack/node/module5/nodejs-rest-api/config/db.js","statementMap":{"0":{"start":{"line":1,"column":17},"end":{"line":1,"column":36}},"1":{"start":{"line":2,"column":0},"end":{"line":2,"column":27}},"2":{"start":{"line":5,"column":0},"end":{"line":9,"column":1}},"3":{"start":{"line":6,"column":2},"end":{"line":6,"column":32}},"4":{"start":{"line":8,"column":2},"end":{"line":8,"column":27}},"5":{"start":{"line":11,"column":11},"end":{"line":14,"column":2}},"6":{"start":{"line":16,"column":0},"end":{"line":24,"column":1}},"7":{"start":{"line":17,"column":2},"end":{"line":19,"column":5}},"8":{"start":{"line":18,"column":4},"end":{"line":18,"column":45}},"9":{"start":{"line":21,"column":2},"end":{"line":23,"column":5}},"10":{"start":{"line":22,"column":4},"end":{"line":22,"column":60}},"11":{"start":{"line":26,"column":0},"end":{"line":30,"column":3}},"12":{"start":{"line":27,"column":2},"end":{"line":27,"column":36}},"13":{"start":{"line":28,"column":2},"end":{"line":28,"column":41}},"14":{"start":{"line":29,"column":2},"end":{"line":29,"column":17}},"15":{"start":{"line":38,"column":0},"end":{"line":38,"column":20}}},"fnMap":{"0":{"name":"(anonymous_0)","decl":{"start":{"line":17,"column":38},"end":{"line":17,"column":39}},"loc":{"start":{"line":17,"column":44},"end":{"line":19,"column":3}},"line":17},"1":{"name":"(anonymous_1)","decl":{"start":{"line":21,"column":34},"end":{"line":21,"column":35}},"loc":{"start":{"line":21,"column":41},"end":{"line":23,"column":3}},"line":21},"2":{"name":"(anonymous_2)","decl":{"start":{"line":26,"column":21},"end":{"line":26,"column":22}},"loc":{"start":{"line":26,"column":33},"end":{"line":30,"column":1}},"line":26}},"branchMap":{"0":{"loc":{"start":{"line":5,"column":0},"end":{"line":9,"column":1}},"type":"if","locations":[{"start":{"line":5,"column":0},"end":{"line":9,"column":1}},{"start":{"line":7,"column":7},"end":{"line":9,"column":1}}],"line":5},"1":{"loc":{"start":{"line":16,"column":0},"end":{"line":24,"column":1}},"type":"if","locations":[{"start":{"line":16,"column":0},"end":{"line":24,"column":1}},{"start":{},"end":{}}],"line":16}},"s":{"0":2,"1":2,"2":2,"3":2,"4":0,"5":2,"6":2,"7":2,"8":2,"9":2,"10":0,"11":2,"12":0,"13":0,"14":0,"15":2},"f":{"0":2,"1":0,"2":0},"b":{"0":[2,0],"1":[2,0]},"_coverageSchema":"1a1c01bbd47fc00a2c39e90264f33305004495a9","hash":"82fa5411073dfa94a807afe6ccc7c511a9406ca9"}
,"/home/shon/vs-code-projects/projects/fullstack/node/module5/nodejs-rest-api/config/passport.js": {"path":"/home/shon/vs-code-projects/projects/fullstack/node/module5/nodejs-rest-api/config/passport.js","statementMap":{"0":{"start":{"line":1,"column":17},"end":{"line":1,"column":36}},"1":{"start":{"line":2,"column":33},"end":{"line":2,"column":56}},"2":{"start":{"line":3,"column":14},"end":{"line":3,"column":54}},"3":{"start":{"line":4,"column":0},"end":{"line":4,"column":27}},"4":{"start":{"line":5,"column":19},"end":{"line":5,"column":45}},"5":{"start":{"line":7,"column":15},"end":{"line":10,"column":1}},"6":{"start":{"line":12,"column":0},"end":{"line":27,"column":2}},"7":{"start":{"line":14,"column":4},"end":{"line":25,"column":5}},"8":{"start":{"line":15,"column":19},"end":{"line":15,"column":51}},"9":{"start":{"line":16,"column":6},"end":{"line":18,"column":7}},"10":{"start":{"line":17,"column":8},"end":{"line":17,"column":56}},"11":{"start":{"line":19,"column":6},"end":{"line":21,"column":7}},"12":{"start":{"line":20,"column":8},"end":{"line":20,"column":33}},"13":{"start":{"line":22,"column":6},"end":{"line":22,"column":30}},"14":{"start":{"line":24,"column":6},"end":{"line":24,"column":30}}},"fnMap":{"0":{"name":"(anonymous_0)","decl":{"start":{"line":13,"column":23},"end":{"line":13,"column":24}},"loc":{"start":{"line":13,"column":48},"end":{"line":26,"column":3}},"line":13}},"branchMap":{"0":{"loc":{"start":{"line":16,"column":6},"end":{"line":18,"column":7}},"type":"if","locations":[{"start":{"line":16,"column":6},"end":{"line":18,"column":7}},{"start":{},"end":{}}],"line":16},"1":{"loc":{"start":{"line":19,"column":6},"end":{"line":21,"column":7}},"type":"if","locations":[{"start":{"line":19,"column":6},"end":{"line":21,"column":7}},{"start":{},"end":{}}],"line":19}},"s":{"0":3,"1":3,"2":3,"3":3,"4":3,"5":3,"6":3,"7":5,"8":5,"9":5,"10":0,"11":5,"12":0,"13":5,"14":0},"f":{"0":5},"b":{"0":[0,5],"1":[0,5]},"_coverageSchema":"1a1c01bbd47fc00a2c39e90264f33305004495a9","hash":"8c5c127127a7d8091f5ab10de17507bf7bdff56e"}
,"/home/shon/vs-code-projects/projects/fullstack/node/module5/nodejs-rest-api/controllers/contactsControllers.js": {"path":"/home/shon/vs-code-projects/projects/fullstack/node/module5/nodejs-rest-api/controllers/contactsControllers.js","statementMap":{"0":{"start":{"line":1,"column":17},"end":{"line":1,"column":47}},"1":{"start":{"line":2,"column":24},"end":{"line":2,"column":57}},"2":{"start":{"line":4,"column":20},"end":{"line":8,"column":1}},"3":{"start":{"line":5,"column":17},"end":{"line":5,"column":29}},"4":{"start":{"line":6,"column":15},"end":{"line":6,"column":61}},"5":{"start":{"line":7,"column":2},"end":{"line":7,"column":64}},"6":{"start":{"line":10,"column":19},"end":{"line":20,"column":1}},"7":{"start":{"line":11,"column":17},"end":{"line":11,"column":29}},"8":{"start":{"line":12,"column":18},"end":{"line":12,"column":77}},"9":{"start":{"line":14,"column":2},"end":{"line":18,"column":3}},"10":{"start":{"line":15,"column":4},"end":{"line":17,"column":65}},"11":{"start":{"line":19,"column":2},"end":{"line":19,"column":42}},"12":{"start":{"line":22,"column":20},"end":{"line":26,"column":1}},"13":{"start":{"line":23,"column":17},"end":{"line":23,"column":29}},"14":{"start":{"line":24,"column":18},"end":{"line":24,"column":75}},"15":{"start":{"line":25,"column":2},"end":{"line":25,"column":76}},"16":{"start":{"line":28,"column":22},"end":{"line":37,"column":1}},"17":{"start":{"line":29,"column":17},"end":{"line":29,"column":29}},"18":{"start":{"line":30,"column":18},"end":{"line":30,"column":76}},"19":{"start":{"line":31,"column":2},"end":{"line":35,"column":3}},"20":{"start":{"line":32,"column":4},"end":{"line":34,"column":74}},"21":{"start":{"line":36,"column":2},"end":{"line":36,"column":42}},"22":{"start":{"line":39,"column":22},"end":{"line":52,"column":1}},"23":{"start":{"line":40,"column":17},"end":{"line":40,"column":29}},"24":{"start":{"line":41,"column":18},"end":{"line":45,"column":3}},"25":{"start":{"line":46,"column":2},"end":{"line":50,"column":3}},"26":{"start":{"line":47,"column":4},"end":{"line":49,"column":65}},"27":{"start":{"line":51,"column":2},"end":{"line":51,"column":42}},"28":{"start":{"line":54,"column":37},"end":{"line":67,"column":1}},"29":{"start":{"line":55,"column":17},"end":{"line":55,"column":29}},"30":{"start":{"line":56,"column":18},"end":{"line":60,"column":3}},"31":{"start":{"line":61,"column":2},"end":{"line":65,"column":3}},"32":{"start":{"line":62,"column":4},"end":{"line":64,"column":65}},"33":{"start":{"line":66,"column":2},"end":{"line":66,"column":42}},"34":{"start":{"line":69,"column":0},"end":{"line":76,"column":2}}},"fnMap":{"0":{"name":"(anonymous_0)","decl":{"start":{"line":4,"column":20},"end":{"line":4,"column":21}},"loc":{"start":{"line":4,"column":40},"end":{"line":8,"column":1}},"line":4},"1":{"name":"(anonymous_1)","decl":{"start":{"line":10,"column":19},"end":{"line":10,"column":20}},"loc":{"start":{"line":10,"column":39},"end":{"line":20,"column":1}},"line":10},"2":{"name":"(anonymous_2)","decl":{"start":{"line":22,"column":20},"end":{"line":22,"column":21}},"loc":{"start":{"line":22,"column":40},"end":{"line":26,"column":1}},"line":22},"3":{"name":"(anonymous_3)","decl":{"start":{"line":28,"column":22},"end":{"line":28,"column":23}},"loc":{"start":{"line":28,"column":42},"end":{"line":37,"column":1}},"line":28},"4":{"name":"(anonymous_4)","decl":{"start":{"line":39,"column":22},"end":{"line":39,"column":23}},"loc":{"start":{"line":39,"column":42},"end":{"line":52,"column":1}},"line":39},"5":{"name":"(anonymous_5)","decl":{"start":{"line":54,"column":37},"end":{"line":54,"column":38}},"loc":{"start":{"line":54,"column":57},"end":{"line":67,"column":1}},"line":54}},"branchMap":{"0":{"loc":{"start":{"line":14,"column":2},"end":{"line":18,"column":3}},"type":"if","locations":[{"start":{"line":14,"column":2},"end":{"line":18,"column":3}},{"start":{},"end":{}}],"line":14},"1":{"loc":{"start":{"line":31,"column":2},"end":{"line":35,"column":3}},"type":"if","locations":[{"start":{"line":31,"column":2},"end":{"line":35,"column":3}},{"start":{},"end":{}}],"line":31},"2":{"loc":{"start":{"line":46,"column":2},"end":{"line":50,"column":3}},"type":"if","locations":[{"start":{"line":46,"column":2},"end":{"line":50,"column":3}},{"start":{},"end":{}}],"line":46},"3":{"loc":{"start":{"line":61,"column":2},"end":{"line":65,"column":3}},"type":"if","locations":[{"start":{"line":61,"column":2},"end":{"line":65,"column":3}},{"start":{},"end":{}}],"line":61}},"s":{"0":3,"1":3,"2":3,"3":1,"4":1,"5":1,"6":3,"7":2,"8":2,"9":2,"10":1,"11":1,"12":3,"13":1,"14":1,"15":1,"16":3,"17":0,"18":0,"19":0,"20":0,"21":0,"22":3,"23":3,"24":3,"25":3,"26":1,"27":2,"28":3,"29":0,"30":0,"31":0,"32":0,"33":0,"34":3},"f":{"0":1,"1":2,"2":1,"3":0,"4":3,"5":0},"b":{"0":[1,1],"1":[0,0],"2":[1,2],"3":[0,0]},"_coverageSchema":"1a1c01bbd47fc00a2c39e90264f33305004495a9","hash":"94a235d7dc7ebfb3253bf9bd64c61f8083f271dd"}
,"/home/shon/vs-code-projects/projects/fullstack/node/module5/nodejs-rest-api/controllers/usersControllers.js": {"path":"/home/shon/vs-code-projects/projects/fullstack/node/module5/nodejs-rest-api/controllers/usersControllers.js","statementMap":{"0":{"start":{"line":1,"column":12},"end":{"line":1,"column":35}},"1":{"start":{"line":2,"column":11},"end":{"line":2,"column":33}},"2":{"start":{"line":5,"column":14},"end":{"line":5,"column":54}},"3":{"start":{"line":7,"column":22},"end":{"line":7,"column":57}},"4":{"start":{"line":8,"column":35},"end":{"line":8,"column":65}},"5":{"start":{"line":9,"column":0},"end":{"line":9,"column":27}},"6":{"start":{"line":10,"column":24},"end":{"line":10,"column":57}},"7":{"start":{"line":11,"column":19},"end":{"line":11,"column":45}},"8":{"start":{"line":13,"column":21},"end":{"line":40,"column":1}},"9":{"start":{"line":14,"column":44},"end":{"line":14,"column":52}},"10":{"start":{"line":15,"column":15},"end":{"line":15,"column":45}},"11":{"start":{"line":16,"column":2},"end":{"line":22,"column":3}},"12":{"start":{"line":17,"column":4},"end":{"line":21,"column":7}},"13":{"start":{"line":24,"column":2},"end":{"line":38,"column":3}},"14":{"start":{"line":25,"column":20},"end":{"line":25,"column":73}},"15":{"start":{"line":26,"column":4},"end":{"line":35,"column":7}},"16":{"start":{"line":37,"column":4},"end":{"line":37,"column":12}},"17":{"start":{"line":39,"column":2},"end":{"line":39,"column":13}},"18":{"start":{"line":41,"column":14},"end":{"line":65,"column":1}},"19":{"start":{"line":42,"column":30},"end":{"line":42,"column":38}},"20":{"start":{"line":43,"column":15},"end":{"line":43,"column":45}},"21":{"start":{"line":44,"column":26},"end":{"line":44,"column":63}},"22":{"start":{"line":45,"column":2},"end":{"line":51,"column":3}},"23":{"start":{"line":46,"column":4},"end":{"line":50,"column":7}},"24":{"start":{"line":53,"column":13},"end":{"line":53,"column":21}},"25":{"start":{"line":54,"column":18},"end":{"line":54,"column":24}},"26":{"start":{"line":55,"column":16},"end":{"line":55,"column":66}},"27":{"start":{"line":56,"column":2},"end":{"line":56,"column":37}},"28":{"start":{"line":58,"column":2},"end":{"line":64,"column":5}},"29":{"start":{"line":67,"column":15},"end":{"line":71,"column":1}},"30":{"start":{"line":68,"column":13},"end":{"line":68,"column":24}},"31":{"start":{"line":69,"column":2},"end":{"line":69,"column":36}},"32":{"start":{"line":70,"column":2},"end":{"line":70,"column":64}},"33":{"start":{"line":73,"column":16},"end":{"line":88,"column":1}},"34":{"start":{"line":74,"column":2},"end":{"line":87,"column":3}},"35":{"start":{"line":75,"column":36},"end":{"line":75,"column":44}},"36":{"start":{"line":77,"column":4},"end":{"line":84,"column":7}},"37":{"start":{"line":86,"column":4},"end":{"line":86,"column":16}},"38":{"start":{"line":90,"column":27},"end":{"line":105,"column":1}},"39":{"start":{"line":91,"column":17},"end":{"line":91,"column":29}},"40":{"start":{"line":92,"column":15},"end":{"line":92,"column":63}},"41":{"start":{"line":93,"column":2},"end":{"line":103,"column":3}},"42":{"start":{"line":94,"column":4},"end":{"line":102,"column":7}},"43":{"start":{"line":104,"column":2},"end":{"line":104,"column":57}},"44":{"start":{"line":107,"column":20},"end":{"line":115,"column":1}},"45":{"start":{"line":108,"column":2},"end":{"line":114,"column":5}},"46":{"start":{"line":117,"column":16},"end":{"line":125,"column":1}},"47":{"start":{"line":118,"column":2},"end":{"line":124,"column":5}},"48":{"start":{"line":127,"column":21},"end":{"line":135,"column":1}},"49":{"start":{"line":128,"column":2},"end":{"line":134,"column":5}},"50":{"start":{"line":158,"column":21},"end":{"line":183,"column":1}},"51":{"start":{"line":159,"column":30},"end":{"line":159,"column":38}},"52":{"start":{"line":160,"column":15},"end":{"line":160,"column":23}},"53":{"start":{"line":162,"column":22},"end":{"line":162,"column":31}},"54":{"start":{"line":163,"column":24},"end":{"line":163,"column":54}},"55":{"start":{"line":164,"column":43},"end":{"line":167,"column":3}},"56":{"start":{"line":168,"column":2},"end":{"line":168,"column":61}},"57":{"start":{"line":170,"column":2},"end":{"line":174,"column":3}},"58":{"start":{"line":171,"column":4},"end":{"line":171,"column":31}},"59":{"start":{"line":173,"column":4},"end":{"line":173,"column":31}},"60":{"start":{"line":176,"column":2},"end":{"line":182,"column":5}},"61":{"start":{"line":185,"column":0},"end":{"line":195,"column":2}}},"fnMap":{"0":{"name":"(anonymous_0)","decl":{"start":{"line":13,"column":21},"end":{"line":13,"column":22}},"loc":{"start":{"line":13,"column":47},"end":{"line":40,"column":1}},"line":13},"1":{"name":"(anonymous_1)","decl":{"start":{"line":41,"column":14},"end":{"line":41,"column":15}},"loc":{"start":{"line":41,"column":40},"end":{"line":65,"column":1}},"line":41},"2":{"name":"(anonymous_2)","decl":{"start":{"line":67,"column":15},"end":{"line":67,"column":16}},"loc":{"start":{"line":67,"column":41},"end":{"line":71,"column":1}},"line":67},"3":{"name":"(anonymous_3)","decl":{"start":{"line":73,"column":16},"end":{"line":73,"column":17}},"loc":{"start":{"line":73,"column":42},"end":{"line":88,"column":1}},"line":73},"4":{"name":"(anonymous_4)","decl":{"start":{"line":90,"column":27},"end":{"line":90,"column":28}},"loc":{"start":{"line":90,"column":47},"end":{"line":105,"column":1}},"line":90},"5":{"name":"(anonymous_5)","decl":{"start":{"line":107,"column":20},"end":{"line":107,"column":21}},"loc":{"start":{"line":107,"column":40},"end":{"line":115,"column":1}},"line":107},"6":{"name":"(anonymous_6)","decl":{"start":{"line":117,"column":16},"end":{"line":117,"column":17}},"loc":{"start":{"line":117,"column":36},"end":{"line":125,"column":1}},"line":117},"7":{"name":"(anonymous_7)","decl":{"start":{"line":127,"column":21},"end":{"line":127,"column":22}},"loc":{"start":{"line":127,"column":41},"end":{"line":135,"column":1}},"line":127},"8":{"name":"(anonymous_8)","decl":{"start":{"line":158,"column":21},"end":{"line":158,"column":22}},"loc":{"start":{"line":158,"column":47},"end":{"line":183,"column":1}},"line":158}},"branchMap":{"0":{"loc":{"start":{"line":16,"column":2},"end":{"line":22,"column":3}},"type":"if","locations":[{"start":{"line":16,"column":2},"end":{"line":22,"column":3}},{"start":{},"end":{}}],"line":16},"1":{"loc":{"start":{"line":45,"column":2},"end":{"line":51,"column":3}},"type":"if","locations":[{"start":{"line":45,"column":2},"end":{"line":51,"column":3}},{"start":{},"end":{}}],"line":45},"2":{"loc":{"start":{"line":45,"column":6},"end":{"line":45,"column":31}},"type":"binary-expr","locations":[{"start":{"line":45,"column":6},"end":{"line":45,"column":11}},{"start":{"line":45,"column":15},"end":{"line":45,"column":31}}],"line":45},"3":{"loc":{"start":{"line":93,"column":2},"end":{"line":103,"column":3}},"type":"if","locations":[{"start":{"line":93,"column":2},"end":{"line":103,"column":3}},{"start":{},"end":{}}],"line":93}},"s":{"0":2,"1":2,"2":2,"3":2,"4":2,"5":2,"6":2,"7":2,"8":2,"9":2,"10":2,"11":2,"12":1,"13":1,"14":1,"15":1,"16":0,"17":0,"18":2,"19":1,"20":1,"21":1,"22":1,"23":0,"24":1,"25":1,"26":1,"27":1,"28":1,"29":2,"30":0,"31":0,"32":0,"33":2,"34":0,"35":0,"36":0,"37":0,"38":2,"39":0,"40":0,"41":0,"42":0,"43":0,"44":2,"45":0,"46":2,"47":0,"48":2,"49":0,"50":2,"51":1,"52":1,"53":1,"54":1,"55":1,"56":1,"57":1,"58":1,"59":0,"60":1,"61":2},"f":{"0":2,"1":1,"2":0,"3":0,"4":0,"5":0,"6":0,"7":0,"8":1},"b":{"0":[1,1],"1":[0,1],"2":[1,1],"3":[0,0]},"_coverageSchema":"1a1c01bbd47fc00a2c39e90264f33305004495a9","hash":"6a008c382226883e32e9476c985cb2e6805b46fb"}
,"/home/shon/vs-code-projects/projects/fullstack/node/module5/nodejs-rest-api/helpers/customError.js": {"path":"/home/shon/vs-code-projects/projects/fullstack/node/module5/nodejs-rest-api/helpers/customError.js","statementMap":{"0":{"start":{"line":3,"column":4},"end":{"line":3,"column":12}},"1":{"start":{"line":4,"column":4},"end":{"line":4,"column":25}},"2":{"start":{"line":5,"column":4},"end":{"line":5,"column":27}},"3":{"start":{"line":6,"column":4},"end":{"line":6,"column":21}},"4":{"start":{"line":10,"column":0},"end":{"line":10,"column":33}}},"fnMap":{"0":{"name":"(anonymous_0)","decl":{"start":{"line":2,"column":2},"end":{"line":2,"column":3}},"loc":{"start":{"line":2,"column":53},"end":{"line":7,"column":3}},"line":2}},"branchMap":{"0":{"loc":{"start":{"line":2,"column":31},"end":{"line":2,"column":51}},"type":"default-arg","locations":[{"start":{"line":2,"column":38},"end":{"line":2,"column":51}}],"line":2}},"s":{"0":4,"1":4,"2":4,"3":4,"4":3},"f":{"0":4},"b":{"0":[4]},"_coverageSchema":"1a1c01bbd47fc00a2c39e90264f33305004495a9","hash":"ece52aa32f5db8183422c95b23a5c978222fd732"}
,"/home/shon/vs-code-projects/projects/fullstack/node/module5/nodejs-rest-api/helpers/errorHandler.js": {"path":"/home/shon/vs-code-projects/projects/fullstack/node/module5/nodejs-rest-api/helpers/errorHandler.js","statementMap":{"0":{"start":{"line":1,"column":16},"end":{"line":25,"column":1}},"1":{"start":{"line":1,"column":22},"end":{"line":25,"column":1}},"2":{"start":{"line":2,"column":2},"end":{"line":24,"column":3}},"3":{"start":{"line":3,"column":19},"end":{"line":3,"column":43}},"4":{"start":{"line":4,"column":4},"end":{"line":4,"column":18}},"5":{"start":{"line":6,"column":4},"end":{"line":23,"column":5}},"6":{"start":{"line":8,"column":8},"end":{"line":10,"column":71}},"7":{"start":{"line":11,"column":8},"end":{"line":11,"column":14}},"8":{"start":{"line":13,"column":8},"end":{"line":17,"column":11}},"9":{"start":{"line":18,"column":8},"end":{"line":18,"column":14}},"10":{"start":{"line":21,"column":8},"end":{"line":21,"column":20}},"11":{"start":{"line":22,"column":8},"end":{"line":22,"column":14}},"12":{"start":{"line":27,"column":0},"end":{"line":27,"column":25}}},"fnMap":{"0":{"name":"(anonymous_0)","decl":{"start":{"line":1,"column":16},"end":{"line":1,"column":17}},"loc":{"start":{"line":1,"column":22},"end":{"line":25,"column":1}},"line":1},"1":{"name":"(anonymous_1)","decl":{"start":{"line":1,"column":22},"end":{"line":1,"column":23}},"loc":{"start":{"line":1,"column":48},"end":{"line":25,"column":1}},"line":1}},"branchMap":{"0":{"loc":{"start":{"line":6,"column":4},"end":{"line":23,"column":5}},"type":"switch","locations":[{"start":{"line":7,"column":6},"end":{"line":11,"column":14}},{"start":{"line":12,"column":6},"end":{"line":18,"column":14}},{"start":{"line":20,"column":6},"end":{"line":22,"column":14}}],"line":6}},"s":{"0":2,"1":14,"2":4,"3":4,"4":3,"5":1,"6":0,"7":0,"8":1,"9":1,"10":0,"11":0,"12":2},"f":{"0":14,"1":4},"b":{"0":[0,1,0]},"_coverageSchema":"1a1c01bbd47fc00a2c39e90264f33305004495a9","hash":"ffc4fc0602457b9c969757eb029d5ac02660a987"}
,"/home/shon/vs-code-projects/projects/fullstack/node/module5/nodejs-rest-api/helpers/guard.js": {"path":"/home/shon/vs-code-projects/projects/fullstack/node/module5/nodejs-rest-api/helpers/guard.js","statementMap":{"0":{"start":{"line":1,"column":17},"end":{"line":1,"column":36}},"1":{"start":{"line":2,"column":0},"end":{"line":2,"column":30}},"2":{"start":{"line":3,"column":21},"end":{"line":3,"column":51}},"3":{"start":{"line":5,"column":14},"end":{"line":19,"column":1}},"4":{"start":{"line":6,"column":2},"end":{"line":18,"column":21}},"5":{"start":{"line":7,"column":18},"end":{"line":7,"column":57}},"6":{"start":{"line":9,"column":4},"end":{"line":15,"column":5}},"7":{"start":{"line":10,"column":6},"end":{"line":14,"column":9}},"8":{"start":{"line":16,"column":4},"end":{"line":16,"column":20}},"9":{"start":{"line":17,"column":4},"end":{"line":17,"column":18}},"10":{"start":{"line":21,"column":0},"end":{"line":21,"column":23}}},"fnMap":{"0":{"name":"(anonymous_0)","decl":{"start":{"line":5,"column":14},"end":{"line":5,"column":15}},"loc":{"start":{"line":5,"column":34},"end":{"line":19,"column":1}},"line":5},"1":{"name":"(anonymous_1)","decl":{"start":{"line":6,"column":51},"end":{"line":6,"column":52}},"loc":{"start":{"line":6,"column":66},"end":{"line":18,"column":3}},"line":6}},"branchMap":{"0":{"loc":{"start":{"line":9,"column":4},"end":{"line":15,"column":5}},"type":"if","locations":[{"start":{"line":9,"column":4},"end":{"line":15,"column":5}},{"start":{},"end":{}}],"line":9},"1":{"loc":{"start":{"line":9,"column":8},"end":{"line":9,"column":44}},"type":"binary-expr","locations":[{"start":{"line":9,"column":8},"end":{"line":9,"column":13}},{"start":{"line":9,"column":17},"end":{"line":9,"column":20}},{"start":{"line":9,"column":24},"end":{"line":9,"column":44}}],"line":9}},"s":{"0":3,"1":3,"2":3,"3":3,"4":8,"5":8,"6":8,"7":2,"8":6,"9":6,"10":3},"f":{"0":8,"1":8},"b":{"0":[2,6],"1":[8,7,7]},"_coverageSchema":"1a1c01bbd47fc00a2c39e90264f33305004495a9","hash":"9e9de0c50898736cf0b6abc7bc2b928f4669a3d1"}
,"/home/shon/vs-code-projects/projects/fullstack/node/module5/nodejs-rest-api/helpers/rate-limit-login.js": {"path":"/home/shon/vs-code-projects/projects/fullstack/node/module5/nodejs-rest-api/helpers/rate-limit-login.js","statementMap":{"0":{"start":{"line":1,"column":18},"end":{"line":1,"column":47}},"1":{"start":{"line":2,"column":21},"end":{"line":2,"column":51}},"2":{"start":{"line":4,"column":16},"end":{"line":14,"column":2}},"3":{"start":{"line":8,"column":4},"end":{"line":12,"column":7}},"4":{"start":{"line":16,"column":0},"end":{"line":16,"column":25}}},"fnMap":{"0":{"name":"(anonymous_0)","decl":{"start":{"line":7,"column":11},"end":{"line":7,"column":12}},"loc":{"start":{"line":7,"column":31},"end":{"line":13,"column":3}},"line":7}},"branchMap":{},"s":{"0":2,"1":2,"2":2,"3":0,"4":2},"f":{"0":0},"b":{},"_coverageSchema":"1a1c01bbd47fc00a2c39e90264f33305004495a9","hash":"9f4887d1e5b6a640fcd8ba952853f4519a69285c"}
,"/home/shon/vs-code-projects/projects/fullstack/node/module5/nodejs-rest-api/helpers/role.js": {"path":"/home/shon/vs-code-projects/projects/fullstack/node/module5/nodejs-rest-api/helpers/role.js","statementMap":{"0":{"start":{"line":1,"column":21},"end":{"line":1,"column":51}},"1":{"start":{"line":2,"column":22},"end":{"line":2,"column":57}},"2":{"start":{"line":4,"column":14},"end":{"line":16,"column":1}},"3":{"start":{"line":4,"column":22},"end":{"line":16,"column":1}},"4":{"start":{"line":5,"column":19},"end":{"line":5,"column":40}},"5":{"start":{"line":7,"column":2},"end":{"line":13,"column":3}},"6":{"start":{"line":8,"column":4},"end":{"line":12,"column":7}},"7":{"start":{"line":15,"column":2},"end":{"line":15,"column":16}},"8":{"start":{"line":18,"column":0},"end":{"line":18,"column":23}}},"fnMap":{"0":{"name":"(anonymous_0)","decl":{"start":{"line":4,"column":14},"end":{"line":4,"column":15}},"loc":{"start":{"line":4,"column":22},"end":{"line":16,"column":1}},"line":4},"1":{"name":"(anonymous_1)","decl":{"start":{"line":4,"column":22},"end":{"line":4,"column":23}},"loc":{"start":{"line":4,"column":42},"end":{"line":16,"column":1}},"line":4}},"branchMap":{"0":{"loc":{"start":{"line":7,"column":2},"end":{"line":13,"column":3}},"type":"if","locations":[{"start":{"line":7,"column":2},"end":{"line":13,"column":3}},{"start":{},"end":{}}],"line":7}},"s":{"0":2,"1":2,"2":2,"3":8,"4":0,"5":0,"6":0,"7":0,"8":2},"f":{"0":8,"1":0},"b":{"0":[0,0]},"_coverageSchema":"1a1c01bbd47fc00a2c39e90264f33305004495a9","hash":"7c335e7164e53ee04ea921d15e2d57c8374ed7af"}
,"/home/shon/vs-code-projects/projects/fullstack/node/module5/nodejs-rest-api/helpers/uploads.js": {"path":"/home/shon/vs-code-projects/projects/fullstack/node/module5/nodejs-rest-api/helpers/uploads.js","statementMap":{"0":{"start":{"line":1,"column":15},"end":{"line":1,"column":32}},"1":{"start":{"line":2,"column":0},"end":{"line":2,"column":27}},"2":{"start":{"line":3,"column":24},"end":{"line":3,"column":48}},"3":{"start":{"line":4,"column":19},"end":{"line":4,"column":41}},"4":{"start":{"line":6,"column":16},"end":{"line":13,"column":2}},"5":{"start":{"line":8,"column":4},"end":{"line":8,"column":25}},"6":{"start":{"line":11,"column":4},"end":{"line":11,"column":62}},"7":{"start":{"line":15,"column":15},"end":{"line":26,"column":2}},"8":{"start":{"line":19,"column":4},"end":{"line":21,"column":5}},"9":{"start":{"line":20,"column":6},"end":{"line":20,"column":28}},"10":{"start":{"line":24,"column":4},"end":{"line":24,"column":55}},"11":{"start":{"line":28,"column":0},"end":{"line":28,"column":24}}},"fnMap":{"0":{"name":"(anonymous_0)","decl":{"start":{"line":7,"column":15},"end":{"line":7,"column":16}},"loc":{"start":{"line":7,"column":40},"end":{"line":9,"column":3}},"line":7},"1":{"name":"(anonymous_1)","decl":{"start":{"line":10,"column":12},"end":{"line":10,"column":13}},"loc":{"start":{"line":10,"column":37},"end":{"line":12,"column":3}},"line":10},"2":{"name":"(anonymous_2)","decl":{"start":{"line":18,"column":14},"end":{"line":18,"column":15}},"loc":{"start":{"line":18,"column":33},"end":{"line":25,"column":3}},"line":18}},"branchMap":{"0":{"loc":{"start":{"line":19,"column":4},"end":{"line":21,"column":5}},"type":"if","locations":[{"start":{"line":19,"column":4},"end":{"line":21,"column":5}},{"start":{},"end":{}}],"line":19}},"s":{"0":2,"1":2,"2":2,"3":2,"4":2,"5":1,"6":1,"7":2,"8":1,"9":1,"10":0,"11":2},"f":{"0":1,"1":1,"2":1},"b":{"0":[1,0]},"_coverageSchema":"1a1c01bbd47fc00a2c39e90264f33305004495a9","hash":"f7298b9eb8f3eb80449ff07001a265b3f8b8bd6d"}
,"/home/shon/vs-code-projects/projects/fullstack/node/module5/nodejs-rest-api/messages/role-message.js": {"path":"/home/shon/vs-code-projects/projects/fullstack/node/module5/nodejs-rest-api/messages/role-message.js","statementMap":{"0":{"start":{"line":1,"column":18},"end":{"line":4,"column":1}},"1":{"start":{"line":6,"column":0},"end":{"line":6,"column":31}}},"fnMap":{},"branchMap":{},"s":{"0":2,"1":2},"f":{},"b":{},"_coverageSchema":"1a1c01bbd47fc00a2c39e90264f33305004495a9","hash":"fc7f85ec70eeafc93a279dcce36276d7449520f5"}
,"/home/shon/vs-code-projects/projects/fullstack/node/module5/nodejs-rest-api/model/contact.js": {"path":"/home/shon/vs-code-projects/projects/fullstack/node/module5/nodejs-rest-api/model/contact.js","statementMap":{"0":{"start":{"line":1,"column":39},"end":{"line":1,"column":58}},"1":{"start":{"line":2,"column":25},"end":{"line":2,"column":56}},"2":{"start":{"line":3,"column":29},"end":{"line":3,"column":59}},"3":{"start":{"line":5,"column":22},"end":{"line":45,"column":1}},"4":{"start":{"line":21,"column":20},"end":{"line":21,"column":37}},"5":{"start":{"line":38,"column":8},"end":{"line":38,"column":23}},"6":{"start":{"line":40,"column":8},"end":{"line":40,"column":19}},"7":{"start":{"line":47,"column":0},"end":{"line":52,"column":3}},"8":{"start":{"line":48,"column":2},"end":{"line":50,"column":3}},"9":{"start":{"line":49,"column":4},"end":{"line":49,"column":17}},"10":{"start":{"line":51,"column":2},"end":{"line":51,"column":19}},"11":{"start":{"line":54,"column":0},"end":{"line":57,"column":3}},"12":{"start":{"line":55,"column":13},"end":{"line":55,"column":23}},"13":{"start":{"line":56,"column":2},"end":{"line":56,"column":32}},"14":{"start":{"line":59,"column":0},"end":{"line":59,"column":39}},"15":{"start":{"line":61,"column":16},"end":{"line":61,"column":47}},"16":{"start":{"line":63,"column":0},"end":{"line":63,"column":25}}},"fnMap":{"0":{"name":"(anonymous_0)","decl":{"start":{"line":21,"column":11},"end":{"line":21,"column":12}},"loc":{"start":{"line":21,"column":20},"end":{"line":21,"column":37}},"line":21},"1":{"name":"(anonymous_1)","decl":{"start":{"line":37,"column":17},"end":{"line":37,"column":18}},"loc":{"start":{"line":37,"column":37},"end":{"line":41,"column":7}},"line":37},"2":{"name":"(anonymous_2)","decl":{"start":{"line":47,"column":36},"end":{"line":47,"column":37}},"loc":{"start":{"line":47,"column":48},"end":{"line":52,"column":1}},"line":47},"3":{"name":"(anonymous_3)","decl":{"start":{"line":54,"column":36},"end":{"line":54,"column":37}},"loc":{"start":{"line":54,"column":53},"end":{"line":57,"column":1}},"line":54}},"branchMap":{"0":{"loc":{"start":{"line":21,"column":20},"end":{"line":21,"column":37}},"type":"cond-expr","locations":[{"start":{"line":21,"column":28},"end":{"line":21,"column":30}},{"start":{"line":21,"column":33},"end":{"line":21,"column":37}}],"line":21},"1":{"loc":{"start":{"line":48,"column":2},"end":{"line":50,"column":3}},"type":"if","locations":[{"start":{"line":48,"column":2},"end":{"line":50,"column":3}},{"start":{},"end":{}}],"line":48}},"s":{"0":3,"1":3,"2":3,"3":3,"4":4,"5":2,"6":2,"7":3,"8":2,"9":0,"10":2,"11":3,"12":3,"13":3,"14":3,"15":3,"16":3},"f":{"0":4,"1":2,"2":2,"3":3},"b":{"0":[0,4],"1":[0,2]},"_coverageSchema":"1a1c01bbd47fc00a2c39e90264f33305004495a9","hash":"2ce00226cc237db0618751b5fb1b90e8a4d094c3"}
,"/home/shon/vs-code-projects/projects/fullstack/node/module5/nodejs-rest-api/model/user.js": {"path":"/home/shon/vs-code-projects/projects/fullstack/node/module5/nodejs-rest-api/model/user.js","statementMap":{"0":{"start":{"line":1,"column":26},"end":{"line":1,"column":45}},"1":{"start":{"line":2,"column":17},"end":{"line":2,"column":36}},"2":{"start":{"line":4,"column":25},"end":{"line":4,"column":55}},"3":{"start":{"line":5,"column":15},"end":{"line":5,"column":34}},"4":{"start":{"line":6,"column":20},"end":{"line":6,"column":21}},"5":{"start":{"line":8,"column":19},"end":{"line":55,"column":1}},"6":{"start":{"line":15,"column":19},"end":{"line":15,"column":32}},"7":{"start":{"line":16,"column":8},"end":{"line":16,"column":52}},"8":{"start":{"line":38,"column":8},"end":{"line":38,"column":60}},"9":{"start":{"line":49,"column":8},"end":{"line":49,"column":23}},"10":{"start":{"line":50,"column":8},"end":{"line":50,"column":19}},"11":{"start":{"line":57,"column":0},"end":{"line":63,"column":3}},"12":{"start":{"line":58,"column":2},"end":{"line":61,"column":3}},"13":{"start":{"line":59,"column":17},"end":{"line":59,"column":50}},"14":{"start":{"line":60,"column":4},"end":{"line":60,"column":59}},"15":{"start":{"line":62,"column":2},"end":{"line":62,"column":9}},"16":{"start":{"line":65,"column":0},"end":{"line":67,"column":2}},"17":{"start":{"line":66,"column":2},"end":{"line":66,"column":49}},"18":{"start":{"line":69,"column":13},"end":{"line":69,"column":38}},"19":{"start":{"line":71,"column":0},"end":{"line":71,"column":22}}},"fnMap":{"0":{"name":"(anonymous_0)","decl":{"start":{"line":14,"column":6},"end":{"line":14,"column":7}},"loc":{"start":{"line":14,"column":22},"end":{"line":17,"column":7}},"line":14},"1":{"name":"(anonymous_1)","decl":{"start":{"line":37,"column":15},"end":{"line":37,"column":16}},"loc":{"start":{"line":37,"column":27},"end":{"line":39,"column":7}},"line":37},"2":{"name":"(anonymous_2)","decl":{"start":{"line":48,"column":17},"end":{"line":48,"column":18}},"loc":{"start":{"line":48,"column":37},"end":{"line":51,"column":7}},"line":48},"3":{"name":"(anonymous_3)","decl":{"start":{"line":57,"column":23},"end":{"line":57,"column":24}},"loc":{"start":{"line":57,"column":45},"end":{"line":63,"column":1}},"line":57},"4":{"name":"(anonymous_4)","decl":{"start":{"line":65,"column":37},"end":{"line":65,"column":38}},"loc":{"start":{"line":65,"column":63},"end":{"line":67,"column":1}},"line":65}},"branchMap":{"0":{"loc":{"start":{"line":58,"column":2},"end":{"line":61,"column":3}},"type":"if","locations":[{"start":{"line":58,"column":2},"end":{"line":61,"column":3}},{"start":{},"end":{}}],"line":58}},"s":{"0":3,"1":3,"2":3,"3":3,"4":3,"5":3,"6":2,"7":2,"8":2,"9":1,"10":1,"11":3,"12":2,"13":2,"14":2,"15":2,"16":3,"17":1,"18":3,"19":3},"f":{"0":2,"1":2,"2":1,"3":2,"4":1},"b":{"0":[2,0]},"_coverageSchema":"1a1c01bbd47fc00a2c39e90264f33305004495a9","hash":"2b450c9146cd8d28133c6df2539c40136acea33b"}
,"/home/shon/vs-code-projects/projects/fullstack/node/module5/nodejs-rest-api/repository/index.js": {"path":"/home/shon/vs-code-projects/projects/fullstack/node/module5/nodejs-rest-api/repository/index.js","statementMap":{"0":{"start":{"line":1,"column":16},"end":{"line":1,"column":43}},"1":{"start":{"line":3,"column":21},"end":{"line":37,"column":1}},"2":{"start":{"line":15,"column":6},"end":{"line":15,"column":11}},"3":{"start":{"line":16,"column":24},"end":{"line":16,"column":41}},"4":{"start":{"line":17,"column":2},"end":{"line":20,"column":3}},"5":{"start":{"line":18,"column":4},"end":{"line":18,"column":36}},"6":{"start":{"line":19,"column":4},"end":{"line":19,"column":44}},"7":{"start":{"line":21,"column":18},"end":{"line":33,"column":4}},"8":{"start":{"line":34,"column":29},"end":{"line":34,"column":36}},"9":{"start":{"line":35,"column":2},"end":{"line":35,"column":22}},"10":{"start":{"line":36,"column":2},"end":{"line":36,"column":34}},"11":{"start":{"line":39,"column":23},"end":{"line":48,"column":1}},"12":{"start":{"line":40,"column":17},"end":{"line":46,"column":4}},"13":{"start":{"line":47,"column":2},"end":{"line":47,"column":16}},"14":{"start":{"line":50,"column":22},"end":{"line":57,"column":1}},"15":{"start":{"line":51,"column":17},"end":{"line":54,"column":4}},"16":{"start":{"line":56,"column":2},"end":{"line":56,"column":16}},"17":{"start":{"line":59,"column":19},"end":{"line":62,"column":1}},"18":{"start":{"line":60,"column":17},"end":{"line":60,"column":43}},"19":{"start":{"line":61,"column":2},"end":{"line":61,"column":16}},"20":{"start":{"line":64,"column":22},"end":{"line":72,"column":1}},"21":{"start":{"line":65,"column":17},"end":{"line":69,"column":3}},"22":{"start":{"line":71,"column":2},"end":{"line":71,"column":16}},"23":{"start":{"line":74,"column":0},"end":{"line":80,"column":2}}},"fnMap":{"0":{"name":"(anonymous_0)","decl":{"start":{"line":3,"column":21},"end":{"line":3,"column":22}},"loc":{"start":{"line":3,"column":46},"end":{"line":37,"column":1}},"line":3},"1":{"name":"(anonymous_1)","decl":{"start":{"line":39,"column":23},"end":{"line":39,"column":24}},"loc":{"start":{"line":39,"column":52},"end":{"line":48,"column":1}},"line":39},"2":{"name":"(anonymous_2)","decl":{"start":{"line":50,"column":22},"end":{"line":50,"column":23}},"loc":{"start":{"line":50,"column":51},"end":{"line":57,"column":1}},"line":50},"3":{"name":"(anonymous_3)","decl":{"start":{"line":59,"column":19},"end":{"line":59,"column":20}},"loc":{"start":{"line":59,"column":33},"end":{"line":62,"column":1}},"line":59},"4":{"name":"(anonymous_4)","decl":{"start":{"line":64,"column":22},"end":{"line":64,"column":23}},"loc":{"start":{"line":64,"column":57},"end":{"line":72,"column":1}},"line":64}},"branchMap":{"0":{"loc":{"start":{"line":12,"column":4},"end":{"line":12,"column":22}},"type":"default-arg","locations":[{"start":{"line":12,"column":18},"end":{"line":12,"column":22}}],"line":12},"1":{"loc":{"start":{"line":13,"column":4},"end":{"line":13,"column":13}},"type":"default-arg","locations":[{"start":{"line":13,"column":12},"end":{"line":13,"column":13}}],"line":13},"2":{"loc":{"start":{"line":14,"column":4},"end":{"line":14,"column":14}},"type":"default-arg","locations":[{"start":{"line":14,"column":13},"end":{"line":14,"column":14}}],"line":14},"3":{"loc":{"start":{"line":17,"column":2},"end":{"line":20,"column":3}},"type":"if","locations":[{"start":{"line":17,"column":2},"end":{"line":20,"column":3}},{"start":{},"end":{}}],"line":17},"4":{"loc":{"start":{"line":25,"column":10},"end":{"line":25,"column":44}},"type":"cond-expr","locations":[{"start":{"line":25,"column":19},"end":{"line":25,"column":39}},{"start":{"line":25,"column":42},"end":{"line":25,"column":44}}],"line":25},"5":{"loc":{"start":{"line":26,"column":10},"end":{"line":26,"column":53}},"type":"cond-expr","locations":[{"start":{"line":26,"column":23},"end":{"line":26,"column":48}},{"start":{"line":26,"column":51},"end":{"line":26,"column":53}}],"line":26},"6":{"loc":{"start":{"line":28,"column":12},"end":{"line":28,"column":53}},"type":"cond-expr","locations":[{"start":{"line":28,"column":21},"end":{"line":28,"column":48}},{"start":{"line":28,"column":51},"end":{"line":28,"column":53}}],"line":28}},"s":{"0":3,"1":3,"2":1,"3":1,"4":1,"5":1,"6":1,"7":1,"8":1,"9":1,"10":1,"11":3,"12":2,"13":2,"14":3,"15":0,"16":0,"17":3,"18":1,"19":1,"20":3,"21":0,"22":0,"23":3},"f":{"0":1,"1":2,"2":0,"3":1,"4":0},"b":{"0":[1],"1":[1],"2":[1],"3":[1,0],"4":[0,1],"5":[0,1],"6":[0,1]},"_coverageSchema":"1a1c01bbd47fc00a2c39e90264f33305004495a9","hash":"3f0862981c484ae098660a7b2acfd4976aaee77a"}
,"/home/shon/vs-code-projects/projects/fullstack/node/module5/nodejs-rest-api/repository/usersRepository.js": {"path":"/home/shon/vs-code-projects/projects/fullstack/node/module5/nodejs-rest-api/repository/usersRepository.js","statementMap":{"0":{"start":{"line":1,"column":13},"end":{"line":1,"column":37}},"1":{"start":{"line":3,"column":17},"end":{"line":5,"column":1}},"2":{"start":{"line":4,"column":2},"end":{"line":4,"column":33}},"3":{"start":{"line":7,"column":20},"end":{"line":9,"column":1}},"4":{"start":{"line":8,"column":2},"end":{"line":8,"column":39}},"5":{"start":{"line":11,"column":15},"end":{"line":14,"column":1}},"6":{"start":{"line":12,"column":15},"end":{"line":12,"column":32}},"7":{"start":{"line":13,"column":2},"end":{"line":13,"column":27}},"8":{"start":{"line":16,"column":20},"end":{"line":18,"column":1}},"9":{"start":{"line":17,"column":2},"end":{"line":17,"column":54}},"10":{"start":{"line":20,"column":27},"end":{"line":26,"column":1}},"11":{"start":{"line":21,"column":2},"end":{"line":25,"column":4}},"12":{"start":{"line":28,"column":21},"end":{"line":30,"column":1}},"13":{"start":{"line":29,"column":2},"end":{"line":29,"column":68}},"14":{"start":{"line":32,"column":0},"end":{"line":39,"column":2}}},"fnMap":{"0":{"name":"(anonymous_0)","decl":{"start":{"line":3,"column":17},"end":{"line":3,"column":18}},"loc":{"start":{"line":3,"column":29},"end":{"line":5,"column":1}},"line":3},"1":{"name":"(anonymous_1)","decl":{"start":{"line":7,"column":20},"end":{"line":7,"column":21}},"loc":{"start":{"line":7,"column":35},"end":{"line":9,"column":1}},"line":7},"2":{"name":"(anonymous_2)","decl":{"start":{"line":11,"column":15},"end":{"line":11,"column":16}},"loc":{"start":{"line":11,"column":32},"end":{"line":14,"column":1}},"line":11},"3":{"name":"(anonymous_3)","decl":{"start":{"line":16,"column":20},"end":{"line":16,"column":21}},"loc":{"start":{"line":16,"column":41},"end":{"line":18,"column":1}},"line":16},"4":{"name":"(anonymous_4)","decl":{"start":{"line":20,"column":27},"end":{"line":20,"column":28}},"loc":{"start":{"line":20,"column":51},"end":{"line":26,"column":1}},"line":20},"5":{"name":"(anonymous_5)","decl":{"start":{"line":28,"column":21},"end":{"line":28,"column":22}},"loc":{"start":{"line":28,"column":63},"end":{"line":30,"column":1}},"line":28}},"branchMap":{"0":{"loc":{"start":{"line":28,"column":40},"end":{"line":28,"column":58}},"type":"default-arg","locations":[{"start":{"line":28,"column":54},"end":{"line":28,"column":58}}],"line":28}},"s":{"0":3,"1":3,"2":5,"3":3,"4":3,"5":3,"6":1,"7":1,"8":3,"9":1,"10":3,"11":0,"12":3,"13":1,"14":3},"f":{"0":5,"1":3,"2":1,"3":1,"4":0,"5":1},"b":{"0":[0]},"_coverageSchema":"1a1c01bbd47fc00a2c39e90264f33305004495a9","hash":"fa81187ec9e6cd70bd79e76ab949be9a9f0ac701"}
,"/home/shon/vs-code-projects/projects/fullstack/node/module5/nodejs-rest-api/routes/contacts/contactsRoutes.js": {"path":"/home/shon/vs-code-projects/projects/fullstack/node/module5/nodejs-rest-api/routes/contacts/contactsRoutes.js","statementMap":{"0":{"start":{"line":1,"column":16},"end":{"line":1,"column":34}},"1":{"start":{"line":2,"column":15},"end":{"line":2,"column":31}},"2":{"start":{"line":10,"column":4},"end":{"line":10,"column":52}},"3":{"start":{"line":15,"column":4},"end":{"line":15,"column":27}},"4":{"start":{"line":16,"column":14},"end":{"line":16,"column":44}},"5":{"start":{"line":17,"column":13},"end":{"line":17,"column":42}},"6":{"start":{"line":18,"column":18},"end":{"line":18,"column":55}},"7":{"start":{"line":19,"column":25},"end":{"line":19,"column":58}},"8":{"start":{"line":21,"column":0},"end":{"line":21,"column":47}},"9":{"start":{"line":23,"column":0},"end":{"line":34,"column":2}},"10":{"start":{"line":28,"column":4},"end":{"line":32,"column":7}},"11":{"start":{"line":36,"column":0},"end":{"line":36,"column":68}},"12":{"start":{"line":38,"column":0},"end":{"line":38,"column":65}},"13":{"start":{"line":40,"column":0},"end":{"line":40,"column":74}},"14":{"start":{"line":42,"column":0},"end":{"line":47,"column":2}},"15":{"start":{"line":49,"column":0},"end":{"line":54,"column":2}},"16":{"start":{"line":56,"column":0},"end":{"line":56,"column":24}}},"fnMap":{"0":{"name":"(anonymous_0)","decl":{"start":{"line":27,"column":12},"end":{"line":27,"column":13}},"loc":{"start":{"line":27,"column":32},"end":{"line":33,"column":3}},"line":27}},"branchMap":{},"s":{"0":2,"1":2,"2":2,"3":2,"4":2,"5":2,"6":2,"7":2,"8":2,"9":2,"10":0,"11":2,"12":2,"13":2,"14":2,"15":2,"16":2},"f":{"0":0},"b":{},"_coverageSchema":"1a1c01bbd47fc00a2c39e90264f33305004495a9","hash":"e8212e1f23584c45b5fc9d9e952f9a798c30ec9e"}
,"/home/shon/vs-code-projects/projects/fullstack/node/module5/nodejs-rest-api/routes/contacts/validation.js": {"path":"/home/shon/vs-code-projects/projects/fullstack/node/module5/nodejs-rest-api/routes/contacts/validation.js","statementMap":{"0":{"start":{"line":1,"column":12},"end":{"line":1,"column":26}},"1":{"start":{"line":2,"column":0},"end":{"line":2,"column":44}},"2":{"start":{"line":3,"column":39},"end":{"line":3,"column":72}},"3":{"start":{"line":6,"column":2},"end":{"line":6,"column":90}},"4":{"start":{"line":8,"column":22},"end":{"line":16,"column":2}},"5":{"start":{"line":18,"column":28},"end":{"line":20,"column":2}},"6":{"start":{"line":22,"column":17},"end":{"line":24,"column":2}},"7":{"start":{"line":26,"column":17},"end":{"line":38,"column":1}},"8":{"start":{"line":27,"column":2},"end":{"line":37,"column":3}},"9":{"start":{"line":28,"column":4},"end":{"line":28,"column":36}},"10":{"start":{"line":29,"column":4},"end":{"line":29,"column":11}},"11":{"start":{"line":31,"column":4},"end":{"line":31,"column":21}},"12":{"start":{"line":32,"column":4},"end":{"line":36,"column":7}},"13":{"start":{"line":40,"column":0},"end":{"line":42,"column":2}},"14":{"start":{"line":41,"column":2},"end":{"line":41,"column":60}},"15":{"start":{"line":44,"column":0},"end":{"line":46,"column":2}},"16":{"start":{"line":45,"column":2},"end":{"line":45,"column":66}},"17":{"start":{"line":48,"column":0},"end":{"line":50,"column":2}},"18":{"start":{"line":49,"column":2},"end":{"line":49,"column":57}}},"fnMap":{"0":{"name":"(anonymous_0)","decl":{"start":{"line":26,"column":17},"end":{"line":26,"column":18}},"loc":{"start":{"line":26,"column":51},"end":{"line":38,"column":1}},"line":26},"1":{"name":"(anonymous_1)","decl":{"start":{"line":40,"column":33},"end":{"line":40,"column":34}},"loc":{"start":{"line":40,"column":59},"end":{"line":42,"column":1}},"line":40},"2":{"name":"(anonymous_2)","decl":{"start":{"line":44,"column":39},"end":{"line":44,"column":40}},"loc":{"start":{"line":44,"column":65},"end":{"line":46,"column":1}},"line":44},"3":{"name":"(anonymous_3)","decl":{"start":{"line":48,"column":28},"end":{"line":48,"column":29}},"loc":{"start":{"line":48,"column":54},"end":{"line":50,"column":1}},"line":48}},"branchMap":{},"s":{"0":2,"1":2,"2":2,"3":2,"4":2,"5":2,"6":2,"7":2,"8":3,"9":3,"10":3,"11":0,"12":0,"13":2,"14":1,"15":2,"16":0,"17":2,"18":2},"f":{"0":3,"1":1,"2":0,"3":2},"b":{},"_coverageSchema":"1a1c01bbd47fc00a2c39e90264f33305004495a9","hash":"04073118a412db16f51b1af3fdc7ed35774d5e25"}
,"/home/shon/vs-code-projects/projects/fullstack/node/module5/nodejs-rest-api/routes/users/usersRoutes.js": {"path":"/home/shon/vs-code-projects/projects/fullstack/node/module5/nodejs-rest-api/routes/users/usersRoutes.js","statementMap":{"0":{"start":{"line":1,"column":16},"end":{"line":1,"column":34}},"1":{"start":{"line":2,"column":15},"end":{"line":2,"column":31}},"2":{"start":{"line":7,"column":4},"end":{"line":7,"column":32}},"3":{"start":{"line":18,"column":4},"end":{"line":18,"column":49}},"4":{"start":{"line":19,"column":14},"end":{"line":19,"column":44}},"5":{"start":{"line":20,"column":25},"end":{"line":20,"column":58}},"6":{"start":{"line":21,"column":13},"end":{"line":21,"column":42}},"7":{"start":{"line":22,"column":19},"end":{"line":22,"column":60}},"8":{"start":{"line":23,"column":15},"end":{"line":23,"column":47}},"9":{"start":{"line":25,"column":0},"end":{"line":25,"column":71}},"10":{"start":{"line":27,"column":0},"end":{"line":27,"column":69}},"11":{"start":{"line":28,"column":0},"end":{"line":28,"column":59}},"12":{"start":{"line":29,"column":0},"end":{"line":29,"column":74}},"13":{"start":{"line":31,"column":0},"end":{"line":31,"column":69}},"14":{"start":{"line":32,"column":0},"end":{"line":32,"column":60}},"15":{"start":{"line":33,"column":0},"end":{"line":33,"column":38}},"16":{"start":{"line":35,"column":0},"end":{"line":35,"column":39}},"17":{"start":{"line":37,"column":0},"end":{"line":37,"column":70}},"18":{"start":{"line":39,"column":0},"end":{"line":39,"column":24}}},"fnMap":{},"branchMap":{},"s":{"0":2,"1":2,"2":2,"3":2,"4":2,"5":2,"6":2,"7":2,"8":2,"9":2,"10":2,"11":2,"12":2,"13":2,"14":2,"15":2,"16":2,"17":2,"18":2},"f":{},"b":{},"_coverageSchema":"1a1c01bbd47fc00a2c39e90264f33305004495a9","hash":"fe67d9f9db0b830212717ca30a8c0d8a5d74f413"}
,"/home/shon/vs-code-projects/projects/fullstack/node/module5/nodejs-rest-api/routes/users/validationUsers.js": {"path":"/home/shon/vs-code-projects/projects/fullstack/node/module5/nodejs-rest-api/routes/users/validationUsers.js","statementMap":{"0":{"start":{"line":1,"column":12},"end":{"line":1,"column":26}},"1":{"start":{"line":2,"column":0},"end":{"line":2,"column":44}},"2":{"start":{"line":3,"column":35},"end":{"line":3,"column":68}},"3":{"start":{"line":5,"column":24},"end":{"line":5,"column":45}},"4":{"start":{"line":7,"column":31},"end":{"line":13,"column":2}},"5":{"start":{"line":15,"column":24},"end":{"line":18,"column":2}},"6":{"start":{"line":20,"column":31},"end":{"line":24,"column":2}},"7":{"start":{"line":26,"column":17},"end":{"line":37,"column":1}},"8":{"start":{"line":27,"column":2},"end":{"line":36,"column":3}},"9":{"start":{"line":28,"column":4},"end":{"line":28,"column":36}},"10":{"start":{"line":29,"column":4},"end":{"line":29,"column":11}},"11":{"start":{"line":31,"column":4},"end":{"line":35,"column":7}},"12":{"start":{"line":39,"column":0},"end":{"line":41,"column":2}},"13":{"start":{"line":40,"column":2},"end":{"line":40,"column":69}},"14":{"start":{"line":43,"column":0},"end":{"line":45,"column":2}},"15":{"start":{"line":44,"column":2},"end":{"line":44,"column":62}},"16":{"start":{"line":47,"column":0},"end":{"line":49,"column":2}},"17":{"start":{"line":48,"column":2},"end":{"line":48,"column":69}}},"fnMap":{"0":{"name":"(anonymous_0)","decl":{"start":{"line":26,"column":17},"end":{"line":26,"column":18}},"loc":{"start":{"line":26,"column":51},"end":{"line":37,"column":1}},"line":26},"1":{"name":"(anonymous_1)","decl":{"start":{"line":39,"column":42},"end":{"line":39,"column":43}},"loc":{"start":{"line":39,"column":68},"end":{"line":41,"column":1}},"line":39},"2":{"name":"(anonymous_2)","decl":{"start":{"line":43,"column":35},"end":{"line":43,"column":36}},"loc":{"start":{"line":43,"column":61},"end":{"line":45,"column":1}},"line":43},"3":{"name":"(anonymous_3)","decl":{"start":{"line":47,"column":42},"end":{"line":47,"column":43}},"loc":{"start":{"line":47,"column":68},"end":{"line":49,"column":1}},"line":47}},"branchMap":{},"s":{"0":2,"1":2,"2":2,"3":2,"4":2,"5":2,"6":2,"7":2,"8":3,"9":3,"10":3,"11":0,"12":2,"13":2,"14":2,"15":1,"16":2,"17":0},"f":{"0":3,"1":2,"2":1,"3":0},"b":{},"_coverageSchema":"1a1c01bbd47fc00a2c39e90264f33305004495a9","hash":"4a3f08abc94d57ac2583c05e9084bc6a079511c9"}
,"/home/shon/vs-code-projects/projects/fullstack/node/module5/nodejs-rest-api/services/cloud-upload.js": {"path":"/home/shon/vs-code-projects/projects/fullstack/node/module5/nodejs-rest-api/services/cloud-upload.js","statementMap":{"0":{"start":{"line":1,"column":19},"end":{"line":1,"column":43}},"1":{"start":{"line":2,"column":0},"end":{"line":2,"column":27}},"2":{"start":{"line":3,"column":22},"end":{"line":3,"column":37}},"3":{"start":{"line":5,"column":0},"end":{"line":10,"column":3}},"4":{"start":{"line":14,"column":4},"end":{"line":14,"column":35}},"5":{"start":{"line":15,"column":4},"end":{"line":15,"column":61}},"6":{"start":{"line":20,"column":6},"end":{"line":24,"column":8}},"7":{"start":{"line":25,"column":4},"end":{"line":28,"column":6}},"8":{"start":{"line":32,"column":0},"end":{"line":32,"column":34}}},"fnMap":{"0":{"name":"(anonymous_0)","decl":{"start":{"line":13,"column":2},"end":{"line":13,"column":3}},"loc":{"start":{"line":13,"column":27},"end":{"line":16,"column":3}},"line":13},"1":{"name":"(anonymous_1)","decl":{"start":{"line":18,"column":2},"end":{"line":18,"column":3}},"loc":{"start":{"line":18,"column":36},"end":{"line":29,"column":3}},"line":18}},"branchMap":{},"s":{"0":2,"1":2,"2":2,"3":2,"4":1,"5":1,"6":1,"7":1,"8":2},"f":{"0":1,"1":1},"b":{},"_coverageSchema":"1a1c01bbd47fc00a2c39e90264f33305004495a9","hash":"baaf61c5eb50eaef054bbbf14f1360146b63f11e"}
,"/home/shon/vs-code-projects/projects/fullstack/node/module5/nodejs-rest-api/test/data/data.js": {"path":"/home/shon/vs-code-projects/projects/fullstack/node/module5/nodejs-rest-api/test/data/data.js","statementMap":{"0":{"start":{"line":1,"column":19},"end":{"line":5,"column":1}},"1":{"start":{"line":7,"column":31},"end":{"line":12,"column":1}},"2":{"start":{"line":14,"column":28},"end":{"line":17,"column":1}},"3":{"start":{"line":19,"column":0},"end":{"line":19,"column":77}}},"fnMap":{},"branchMap":{},"s":{"0":2,"1":2,"2":2,"3":2},"f":{},"b":{},"_coverageSchema":"1a1c01bbd47fc00a2c39e90264f33305004495a9","hash":"23ff6281e3c62b89c6b8d18c840564967df90348"}
}
