TN:
SF:app.js
FN:23,(anonymous_0)
FN:31,(anonymous_1)
FN:35,(anonymous_2)
FNF:3
FNH:1
FNDA:8,(anonymous_0)
FNDA:0,(anonymous_1)
FNDA:0,(anonymous_2)
DA:1,2
DA:2,2
DA:3,2
DA:4,2
DA:5,2
DA:6,2
DA:7,2
DA:9,2
DA:10,2
DA:12,2
DA:14,2
DA:16,2
DA:17,2
DA:18,2
DA:19,2
DA:20,2
DA:21,2
DA:23,2
DA:24,8
DA:25,8
DA:28,2
DA:29,2
DA:31,2
DA:32,0
DA:35,2
DA:36,0
DA:37,0
DA:44,2
LF:28
LH:25
BRDA:14,0,0,0
BRDA:14,0,1,2
BRDA:18,1,0,2
BRDA:18,1,1,0
BRDA:36,2,0,0
BRDA:36,2,1,0
BRDA:38,3,0,0
BRDA:38,3,1,0
BRF:8
BRH:2
end_of_record
TN:
SF:config/constants.js
FNF:0
FNH:0
DA:1,4
DA:6,4
DA:12,4
DA:26,4
LF:4
LH:4
BRF:0
BRH:0
end_of_record
TN:
SF:config/db.js
FN:17,(anonymous_0)
FN:21,(anonymous_1)
FN:26,(anonymous_2)
FNF:3
FNH:1
FNDA:2,(anonymous_0)
FNDA:0,(anonymous_1)
FNDA:0,(anonymous_2)
DA:1,2
DA:2,2
DA:5,2
DA:6,2
DA:8,0
DA:11,2
DA:16,2
DA:17,2
DA:18,2
DA:21,2
DA:22,0
DA:26,2
DA:27,0
DA:28,0
DA:29,0
DA:38,2
LF:16
LH:11
BRDA:5,0,0,2
BRDA:5,0,1,0
BRDA:16,1,0,2
BRDA:16,1,1,0
BRF:4
BRH:2
end_of_record
TN:
SF:config/passport.js
FN:13,(anonymous_0)
FNF:1
FNH:1
FNDA:5,(anonymous_0)
DA:1,3
DA:2,3
DA:3,3
DA:4,3
DA:5,3
DA:7,3
DA:12,3
DA:14,5
DA:15,5
DA:16,5
DA:17,0
DA:19,5
DA:20,0
DA:22,5
DA:24,0
LF:15
LH:12
BRDA:16,0,0,0
BRDA:16,0,1,5
BRDA:19,1,0,0
BRDA:19,1,1,5
BRF:4
BRH:2
end_of_record
TN:
SF:controllers/contactsControllers.js
FN:4,(anonymous_0)
FN:10,(anonymous_1)
FN:22,(anonymous_2)
FN:28,(anonymous_3)
FN:39,(anonymous_4)
FN:54,(anonymous_5)
FNF:6
FNH:4
FNDA:1,(anonymous_0)
FNDA:2,(anonymous_1)
FNDA:1,(anonymous_2)
FNDA:0,(anonymous_3)
FNDA:3,(anonymous_4)
FNDA:0,(anonymous_5)
DA:1,3
DA:2,3
DA:4,3
DA:5,1
DA:6,1
DA:7,1
DA:10,3
DA:11,2
DA:12,2
DA:14,2
DA:15,1
DA:19,1
DA:22,3
DA:23,1
DA:24,1
DA:25,1
DA:28,3
DA:29,0
DA:30,0
DA:31,0
DA:32,0
DA:36,0
DA:39,3
DA:40,3
DA:41,3
DA:46,3
DA:47,1
DA:51,2
DA:54,3
DA:55,0
DA:56,0
DA:61,0
DA:62,0
DA:66,0
DA:69,3
LF:35
LH:25
BRDA:14,0,0,1
BRDA:14,0,1,1
BRDA:31,1,0,0
BRDA:31,1,1,0
BRDA:46,2,0,1
BRDA:46,2,1,2
BRDA:61,3,0,0
BRDA:61,3,1,0
BRF:8
BRH:4
end_of_record
TN:
SF:controllers/usersControllers.js
FN:13,(anonymous_0)
FN:41,(anonymous_1)
FN:67,(anonymous_2)
FN:73,(anonymous_3)
FN:90,(anonymous_4)
FN:107,(anonymous_5)
FN:117,(anonymous_6)
FN:127,(anonymous_7)
FN:158,(anonymous_8)
FNF:9
FNH:3
FNDA:2,(anonymous_0)
FNDA:1,(anonymous_1)
FNDA:0,(anonymous_2)
FNDA:0,(anonymous_3)
FNDA:0,(anonymous_4)
FNDA:0,(anonymous_5)
FNDA:0,(anonymous_6)
FNDA:0,(anonymous_7)
FNDA:1,(anonymous_8)
DA:1,2
DA:2,2
DA:5,2
DA:7,2
DA:8,2
DA:9,2
DA:10,2
DA:11,2
DA:13,2
DA:14,2
DA:15,2
DA:16,2
DA:17,1
DA:24,1
DA:25,1
DA:26,1
DA:37,0
DA:39,0
DA:41,2
DA:42,1
DA:43,1
DA:44,1
DA:45,1
DA:46,0
DA:53,1
DA:54,1
DA:55,1
DA:56,1
DA:58,1
DA:67,2
DA:68,0
DA:69,0
DA:70,0
DA:73,2
DA:74,0
DA:75,0
DA:77,0
DA:86,0
DA:90,2
DA:91,0
DA:92,0
DA:93,0
DA:94,0
DA:104,0
DA:107,2
DA:108,0
DA:117,2
DA:118,0
DA:127,2
DA:128,0
DA:158,2
DA:159,1
DA:160,1
DA:162,1
DA:163,1
DA:164,1
DA:168,1
DA:170,1
DA:171,1
DA:173,0
DA:176,1
DA:185,2
LF:62
LH:43
BRDA:16,0,0,1
BRDA:16,0,1,1
BRDA:45,1,0,0
BRDA:45,1,1,1
BRDA:45,2,0,1
BRDA:45,2,1,1
BRDA:93,3,0,0
BRDA:93,3,1,0
BRF:8
BRH:5
end_of_record
TN:
SF:helpers/customError.js
FN:2,(anonymous_0)
FNF:1
FNH:1
FNDA:4,(anonymous_0)
DA:3,4
DA:4,4
DA:5,4
DA:6,4
DA:10,3
LF:5
LH:5
BRDA:2,0,0,4
BRF:1
BRH:1
end_of_record
TN:
SF:helpers/errorHandler.js
FN:1,(anonymous_0)
FN:1,(anonymous_1)
FNF:2
FNH:2
FNDA:14,(anonymous_0)
FNDA:4,(anonymous_1)
DA:1,14
DA:2,4
DA:3,4
DA:4,3
DA:6,1
DA:8,0
DA:11,0
DA:13,1
DA:18,1
DA:21,0
DA:22,0
DA:27,2
LF:12
LH:8
BRDA:6,0,0,0
BRDA:6,0,1,1
BRDA:6,0,2,0
BRF:3
BRH:1
end_of_record
TN:
SF:helpers/guard.js
FN:5,(anonymous_0)
FN:6,(anonymous_1)
FNF:2
FNH:2
FNDA:8,(anonymous_0)
FNDA:8,(anonymous_1)
DA:1,3
DA:2,3
DA:3,3
DA:5,3
DA:6,8
DA:7,8
DA:9,8
DA:10,2
DA:16,6
DA:17,6
DA:21,3
LF:11
LH:11
BRDA:9,0,0,2
BRDA:9,0,1,6
BRDA:9,1,0,8
BRDA:9,1,1,7
BRDA:9,1,2,7
BRF:5
BRH:5
end_of_record
TN:
SF:helpers/rate-limit-login.js
FN:7,(anonymous_0)
FNF:1
FNH:0
FNDA:0,(anonymous_0)
DA:1,2
DA:2,2
DA:4,2
DA:8,0
DA:16,2
LF:5
LH:4
BRF:0
BRH:0
end_of_record
TN:
SF:helpers/role.js
FN:4,(anonymous_0)
FN:4,(anonymous_1)
FNF:2
FNH:1
FNDA:8,(anonymous_0)
FNDA:0,(anonymous_1)
DA:1,2
DA:2,2
DA:4,8
DA:5,0
DA:7,0
DA:8,0
DA:15,0
DA:18,2
LF:8
LH:4
BRDA:7,0,0,0
BRDA:7,0,1,0
BRF:2
BRH:0
end_of_record
TN:
SF:helpers/uploads.js
FN:7,(anonymous_0)
FN:10,(anonymous_1)
FN:18,(anonymous_2)
FNF:3
FNH:3
FNDA:1,(anonymous_0)
FNDA:1,(anonymous_1)
FNDA:1,(anonymous_2)
DA:1,2
DA:2,2
DA:3,2
DA:4,2
DA:6,2
DA:8,1
DA:11,1
DA:15,2
DA:19,1
DA:20,1
DA:24,0
DA:28,2
LF:12
LH:11
BRDA:19,0,0,1
BRDA:19,0,1,0
BRF:2
BRH:1
end_of_record
TN:
SF:messages/role-message.js
FNF:0
FNH:0
DA:1,2
DA:6,2
LF:2
LH:2
BRF:0
BRH:0
end_of_record
TN:
SF:model/contact.js
FN:21,(anonymous_0)
FN:37,(anonymous_1)
FN:47,(anonymous_2)
FN:54,(anonymous_3)
FNF:4
FNH:4
FNDA:4,(anonymous_0)
FNDA:2,(anonymous_1)
FNDA:2,(anonymous_2)
FNDA:3,(anonymous_3)
DA:1,3
DA:2,3
DA:3,3
DA:5,3
DA:21,4
DA:38,2
DA:40,2
DA:47,3
DA:48,2
DA:49,0
DA:51,2
DA:54,3
DA:55,3
DA:56,3
DA:59,3
DA:61,3
DA:63,3
LF:17
LH:16
BRDA:21,0,0,0
BRDA:21,0,1,4
BRDA:48,1,0,0
BRDA:48,1,1,2
BRF:4
BRH:2
end_of_record
TN:
SF:model/user.js
FN:14,(anonymous_0)
FN:37,(anonymous_1)
FN:48,(anonymous_2)
FN:57,(anonymous_3)
FN:65,(anonymous_4)
FNF:5
FNH:5
FNDA:2,(anonymous_0)
FNDA:2,(anonymous_1)
FNDA:1,(anonymous_2)
FNDA:2,(anonymous_3)
FNDA:1,(anonymous_4)
DA:1,3
DA:2,3
DA:4,3
DA:5,3
DA:6,3
DA:8,3
DA:15,2
DA:16,2
DA:38,2
DA:49,1
DA:50,1
DA:57,3
DA:58,2
DA:59,2
DA:60,2
DA:62,2
DA:65,3
DA:66,1
DA:69,3
DA:71,3
LF:20
LH:20
BRDA:58,0,0,2
BRDA:58,0,1,0
BRF:2
BRH:1
end_of_record
TN:
SF:repository/index.js
FN:3,(anonymous_0)
FN:39,(anonymous_1)
FN:50,(anonymous_2)
FN:59,(anonymous_3)
FN:64,(anonymous_4)
FNF:5
FNH:3
FNDA:1,(anonymous_0)
FNDA:2,(anonymous_1)
FNDA:0,(anonymous_2)
FNDA:1,(anonymous_3)
FNDA:0,(anonymous_4)
DA:1,3
DA:3,3
DA:15,1
DA:16,1
DA:17,1
DA:18,1
DA:19,1
DA:21,1
DA:34,1
DA:35,1
DA:36,1
DA:39,3
DA:40,2
DA:47,2
DA:50,3
DA:51,0
DA:56,0
DA:59,3
DA:60,1
DA:61,1
DA:64,3
DA:65,0
DA:71,0
DA:74,3
LF:24
LH:20
BRDA:12,0,0,1
BRDA:13,1,0,1
BRDA:14,2,0,1
BRDA:17,3,0,1
BRDA:17,3,1,0
BRDA:25,4,0,0
BRDA:25,4,1,1
BRDA:26,5,0,0
BRDA:26,5,1,1
BRDA:28,6,0,0
BRDA:28,6,1,1
BRF:11
BRH:7
end_of_record
TN:
SF:repository/usersRepository.js
FN:3,(anonymous_0)
FN:7,(anonymous_1)
FN:11,(anonymous_2)
FN:16,(anonymous_3)
FN:20,(anonymous_4)
FN:28,(anonymous_5)
FNF:6
FNH:5
FNDA:5,(anonymous_0)
FNDA:3,(anonymous_1)
FNDA:1,(anonymous_2)
FNDA:1,(anonymous_3)
FNDA:0,(anonymous_4)
FNDA:1,(anonymous_5)
DA:1,3
DA:3,3
DA:4,5
DA:7,3
DA:8,3
DA:11,3
DA:12,1
DA:13,1
DA:16,3
DA:17,1
DA:20,3
DA:21,0
DA:28,3
DA:29,1
DA:32,3
LF:15
LH:14
BRDA:28,0,0,0
BRF:1
BRH:0
end_of_record
TN:
SF:routes/contacts/contactsRoutes.js
FN:27,(anonymous_0)
FNF:1
FNH:0
FNDA:0,(anonymous_0)
DA:1,2
DA:2,2
DA:10,2
DA:15,2
DA:16,2
DA:17,2
DA:18,2
DA:19,2
DA:21,2
DA:23,2
DA:28,0
DA:36,2
DA:38,2
DA:40,2
DA:42,2
DA:49,2
DA:56,2
LF:17
LH:16
BRF:0
BRH:0
end_of_record
TN:
SF:routes/contacts/validation.js
FN:26,(anonymous_0)
FN:40,(anonymous_1)
FN:44,(anonymous_2)
FN:48,(anonymous_3)
FNF:4
FNH:3
FNDA:3,(anonymous_0)
FNDA:1,(anonymous_1)
FNDA:0,(anonymous_2)
FNDA:2,(anonymous_3)
DA:1,2
DA:2,2
DA:3,2
DA:6,2
DA:8,2
DA:18,2
DA:22,2
DA:26,2
DA:27,3
DA:28,3
DA:29,3
DA:31,0
DA:32,0
DA:40,2
DA:41,1
DA:44,2
DA:45,0
DA:48,2
DA:49,2
LF:19
LH:16
BRF:0
BRH:0
end_of_record
TN:
SF:routes/users/usersRoutes.js
FNF:0
FNH:0
DA:1,2
DA:2,2
DA:7,2
DA:18,2
DA:19,2
DA:20,2
DA:21,2
DA:22,2
DA:23,2
DA:25,2
DA:27,2
DA:28,2
DA:29,2
DA:31,2
DA:32,2
DA:33,2
DA:35,2
DA:37,2
DA:39,2
LF:19
LH:19
BRF:0
BRH:0
end_of_record
TN:
SF:routes/users/validationUsers.js
FN:26,(anonymous_0)
FN:39,(anonymous_1)
FN:43,(anonymous_2)
FN:47,(anonymous_3)
FNF:4
FNH:3
FNDA:3,(anonymous_0)
FNDA:2,(anonymous_1)
FNDA:1,(anonymous_2)
FNDA:0,(anonymous_3)
DA:1,2
DA:2,2
DA:3,2
DA:5,2
DA:7,2
DA:15,2
DA:20,2
DA:26,2
DA:27,3
DA:28,3
DA:29,3
DA:31,0
DA:39,2
DA:40,2
DA:43,2
DA:44,1
DA:47,2
DA:48,0
LF:18
LH:16
BRF:0
BRH:0
end_of_record
TN:
SF:services/cloud-upload.js
FN:13,(anonymous_0)
FN:18,(anonymous_1)
FNF:2
FNH:2
FNDA:1,(anonymous_0)
FNDA:1,(anonymous_1)
DA:1,2
DA:2,2
DA:3,2
DA:5,2
DA:14,1
DA:15,1
DA:20,1
DA:25,1
DA:32,2
LF:9
LH:9
BRF:0
BRH:0
end_of_record
TN:
SF:test/data/data.js
FNF:0
FNH:0
DA:1,2
DA:7,2
DA:14,2
DA:19,2
LF:4
LH:4
BRF:0
BRH:0
end_of_record
